{
  "stats": {
    "suites": 10,
    "tests": 26,
    "passes": 22,
    "pending": 0,
    "failures": 4,
    "start": "2022-12-17T19:44:03.733Z",
    "end": "2022-12-17T19:44:03.791Z",
    "duration": 58,
    "testsRegistered": 26,
    "passPercent": 84.61538461538461,
    "pendingPercent": 0,
    "other": 0,
    "hasOther": false,
    "skipped": 0,
    "hasSkipped": false
  },
  "results": [
    {
      "uuid": "1229a8aa-b176-4935-930d-abdb9efdb980",
      "title": "",
      "fullFile": "",
      "file": "",
      "beforeHooks": [],
      "afterHooks": [],
      "tests": [],
      "suites": [
        {
          "uuid": "f84aa35e-b558-4cd7-a5fe-c3c7459f6d09",
          "title": "Addition",
          "fullFile": "/Users/aknappe/tuni_software_testing/COMP.SE.200-2022-2023-1/test/add.test.js",
          "file": "/test/add.test.js",
          "beforeHooks": [],
          "afterHooks": [],
          "tests": [
            {
              "title": "6 + 4 should equal 10",
              "fullTitle": "Addition 6 + 4 should equal 10",
              "timedOut": false,
              "duration": 1,
              "state": "passed",
              "speed": "fast",
              "pass": true,
              "fail": false,
              "pending": false,
              "context": null,
              "code": "expect(add(6, 4)).to.equal(10)",
              "err": {},
              "uuid": "d7b81d5c-2c7a-4ede-921b-a740916319fb",
              "parentUUID": "f84aa35e-b558-4cd7-a5fe-c3c7459f6d09",
              "isHook": false,
              "skipped": false
            }
          ],
          "suites": [],
          "passes": [
            "d7b81d5c-2c7a-4ede-921b-a740916319fb"
          ],
          "failures": [],
          "pending": [],
          "skipped": [],
          "duration": 1,
          "root": false,
          "rootEmpty": false,
          "_timeout": 2000
        },
        {
          "uuid": "ab6854f8-ce8d-4d02-bab8-24614c590857",
          "title": "Chunk",
          "fullFile": "/Users/aknappe/tuni_software_testing/COMP.SE.200-2022-2023-1/test/chunk.test.js",
          "file": "/test/chunk.test.js",
          "beforeHooks": [],
          "afterHooks": [],
          "tests": [
            {
              "title": "['a', 'b', 'c', 'd'] should become ['a', 'b'], ['c', 'd']",
              "fullTitle": "Chunk ['a', 'b', 'c', 'd'] should become ['a', 'b'], ['c', 'd']",
              "timedOut": false,
              "duration": 2,
              "state": "failed",
              "speed": null,
              "pass": false,
              "fail": true,
              "pending": false,
              "context": null,
              "code": "expect(chunk(['a', 'b', 'c', 'd'], 2)).to.deep.equal([['a', 'b'], ['c', 'd']])",
              "err": {
                "message": "AssertionError: expected [ [ 'c', 'd' ], undefined ] to deeply equal [ [ 'a', 'b' ], [ 'c', 'd' ] ]",
                "estack": "AssertionError: expected [ [ 'c', 'd' ], undefined ] to deeply equal [ [ 'a', 'b' ], [ 'c', 'd' ] ]\n    at Context.<anonymous> (file:///Users/aknappe/tuni_software_testing/COMP.SE.200-2022-2023-1/test/chunk.test.js:8:51)\n    at process.processImmediate (node:internal/timers:471:21)",
                "diff": " [\n   [\n+     \"a\"\n+     \"b\"\n+   ]\n+   [\n     \"c\"\n     \"d\"\n   ]\n ]\n"
              },
              "uuid": "4af71b4b-7f1d-48b7-b688-f36267c329e3",
              "parentUUID": "ab6854f8-ce8d-4d02-bab8-24614c590857",
              "isHook": false,
              "skipped": false
            },
            {
              "title": "['a', 'b', 'c', 'd'] should become ['a', 'b', 'c'], ['d']",
              "fullTitle": "Chunk ['a', 'b', 'c', 'd'] should become ['a', 'b', 'c'], ['d']",
              "timedOut": false,
              "duration": 1,
              "state": "failed",
              "speed": null,
              "pass": false,
              "fail": true,
              "pending": false,
              "context": null,
              "code": "expect(chunk(['a', 'b', 'c', 'd'], 3)).to.deep.equal([['a', 'b', 'c'], ['d']])",
              "err": {
                "message": "AssertionError: expected [ [ 'd', undefined, undefined ], …(1) ] to deeply equal [ [ 'a', 'b', 'c' ], [ 'd' ] ]",
                "estack": "AssertionError: expected [ [ 'd', undefined, undefined ], …(1) ] to deeply equal [ [ 'a', 'b', 'c' ], [ 'd' ] ]\n    at Context.<anonymous> (file:///Users/aknappe/tuni_software_testing/COMP.SE.200-2022-2023-1/test/chunk.test.js:11:51)\n    at process.processImmediate (node:internal/timers:471:21)",
                "diff": " [\n   [\n+     \"a\"\n+     \"b\"\n+     \"c\"\n+   ]\n+   [\n     \"d\"\n-     [undefined]\n-     [undefined]\n   ]\n ]\n"
              },
              "uuid": "24cbfb97-ec5e-497e-9df2-83500643eec1",
              "parentUUID": "ab6854f8-ce8d-4d02-bab8-24614c590857",
              "isHook": false,
              "skipped": false
            }
          ],
          "suites": [],
          "passes": [],
          "failures": [
            "4af71b4b-7f1d-48b7-b688-f36267c329e3",
            "24cbfb97-ec5e-497e-9df2-83500643eec1"
          ],
          "pending": [],
          "skipped": [],
          "duration": 3,
          "root": false,
          "rootEmpty": false,
          "_timeout": 2000
        },
        {
          "uuid": "8ae3583e-20d2-4958-9fc5-df534194d43e",
          "title": "defaultTo",
          "fullFile": "/Users/aknappe/tuni_software_testing/COMP.SE.200-2022-2023-1/test/defaultTo.test.js",
          "file": "/test/defaultTo.test.js",
          "beforeHooks": [],
          "afterHooks": [],
          "tests": [
            {
              "title": "defaultTo(1, 10) => 1",
              "fullTitle": "defaultTo defaultTo(1, 10) => 1",
              "timedOut": false,
              "duration": 1,
              "state": "passed",
              "speed": "fast",
              "pass": true,
              "fail": false,
              "pending": false,
              "context": null,
              "code": "expect(defaultTo(1, 10)).to.equal(1)",
              "err": {},
              "uuid": "33c0eefa-c878-4422-a55c-b9b8356b26af",
              "parentUUID": "8ae3583e-20d2-4958-9fc5-df534194d43e",
              "isHook": false,
              "skipped": false
            },
            {
              "title": "defaultTo(1, 10) => 1",
              "fullTitle": "defaultTo defaultTo(1, 10) => 1",
              "timedOut": false,
              "duration": 0,
              "state": "passed",
              "speed": "fast",
              "pass": true,
              "fail": false,
              "pending": false,
              "context": null,
              "code": "expect(defaultTo(undefined, 10)).to.equal(10)",
              "err": {},
              "uuid": "9cc9dad4-dc77-4134-bf9b-075fe3e8560a",
              "parentUUID": "8ae3583e-20d2-4958-9fc5-df534194d43e",
              "isHook": false,
              "skipped": false
            }
          ],
          "suites": [],
          "passes": [
            "33c0eefa-c878-4422-a55c-b9b8356b26af",
            "9cc9dad4-dc77-4134-bf9b-075fe3e8560a"
          ],
          "failures": [],
          "pending": [],
          "skipped": [],
          "duration": 1,
          "root": false,
          "rootEmpty": false,
          "_timeout": 2000
        },
        {
          "uuid": "9b14f294-7f4e-4fa3-9b52-28d8c6aaf71f",
          "title": "Division",
          "fullFile": "/Users/aknappe/tuni_software_testing/COMP.SE.200-2022-2023-1/test/divide.test.js",
          "file": "/test/divide.test.js",
          "beforeHooks": [],
          "afterHooks": [],
          "tests": [
            {
              "title": "6 divided by 4 equals 1.5",
              "fullTitle": "Division 6 divided by 4 equals 1.5",
              "timedOut": false,
              "duration": 0,
              "state": "failed",
              "speed": null,
              "pass": false,
              "fail": true,
              "pending": false,
              "context": null,
              "code": "//expect(divide(6, 4)).to.equal(1.5)\n            expect(divide(6, 4)).to.equal(1.5)",
              "err": {
                "message": "AssertionError: expected 1 to equal 1.5",
                "estack": "AssertionError: expected 1 to equal 1.5\n    at Context.<anonymous> (file:///Users/aknappe/tuni_software_testing/COMP.SE.200-2022-2023-1/test/divide.test.js:9:37)\n    at process.processImmediate (node:internal/timers:471:21)",
                "diff": "- 1\n+ 1.5\n"
              },
              "uuid": "a4badbe1-d81e-4d8c-bfef-6fb58346da4f",
              "parentUUID": "9b14f294-7f4e-4fa3-9b52-28d8c6aaf71f",
              "isHook": false,
              "skipped": false
            }
          ],
          "suites": [],
          "passes": [],
          "failures": [
            "a4badbe1-d81e-4d8c-bfef-6fb58346da4f"
          ],
          "pending": [],
          "skipped": [],
          "duration": 0,
          "root": false,
          "rootEmpty": false,
          "_timeout": 2000
        },
        {
          "uuid": "ea7801b7-340a-4bd9-b54e-e6546727c306",
          "title": "Filter",
          "fullFile": "/Users/aknappe/tuni_software_testing/COMP.SE.200-2022-2023-1/test/filter.test.js",
          "file": "/test/filter.test.js",
          "beforeHooks": [],
          "afterHooks": [],
          "tests": [
            {
              "title": "Filters active users",
              "fullTitle": "Filter Filters active users",
              "timedOut": false,
              "duration": 0,
              "state": "passed",
              "speed": "fast",
              "pass": true,
              "fail": false,
              "pending": false,
              "context": null,
              "code": "expect(filter(users, ({ active }) => active)).to.deep.equal([{ 'user': 'barney', 'active': true }])",
              "err": {},
              "uuid": "d2dcdf5f-f0be-40ad-9b46-f97033d1a04b",
              "parentUUID": "ea7801b7-340a-4bd9-b54e-e6546727c306",
              "isHook": false,
              "skipped": false
            }
          ],
          "suites": [],
          "passes": [
            "d2dcdf5f-f0be-40ad-9b46-f97033d1a04b"
          ],
          "failures": [],
          "pending": [],
          "skipped": [],
          "duration": 0,
          "root": false,
          "rootEmpty": false,
          "_timeout": 2000
        },
        {
          "uuid": "82e137e6-1055-4ae8-9ff7-057c1f0f13c1",
          "title": "Get",
          "fullFile": "/Users/aknappe/tuni_software_testing/COMP.SE.200-2022-2023-1/test/get.test.js",
          "file": "/test/get.test.js",
          "beforeHooks": [],
          "afterHooks": [],
          "tests": [
            {
              "title": "Gets a[0].b.c -> 3",
              "fullTitle": "Get Gets a[0].b.c -> 3",
              "timedOut": false,
              "duration": 1,
              "state": "passed",
              "speed": "fast",
              "pass": true,
              "fail": false,
              "pending": false,
              "context": null,
              "code": "expect(get(object, 'a[0].b.c')).to.equal(3)",
              "err": {},
              "uuid": "fa598d11-ee7c-46a6-85a5-4218e133b6a9",
              "parentUUID": "82e137e6-1055-4ae8-9ff7-057c1f0f13c1",
              "isHook": false,
              "skipped": false
            },
            {
              "title": "Gets [a, 0, b, c] -> 3",
              "fullTitle": "Get Gets [a, 0, b, c] -> 3",
              "timedOut": false,
              "duration": 0,
              "state": "passed",
              "speed": "fast",
              "pass": true,
              "fail": false,
              "pending": false,
              "context": null,
              "code": "expect(get(object, ['a', '0', 'b', 'c'])).to.equal(3)",
              "err": {},
              "uuid": "fe9229b3-5406-4d0b-aeb2-3c1f4c17e7fa",
              "parentUUID": "82e137e6-1055-4ae8-9ff7-057c1f0f13c1",
              "isHook": false,
              "skipped": false
            },
            {
              "title": "Gets 'a.b.c', 'default' -> default",
              "fullTitle": "Get Gets 'a.b.c', 'default' -> default",
              "timedOut": false,
              "duration": 0,
              "state": "passed",
              "speed": "fast",
              "pass": true,
              "fail": false,
              "pending": false,
              "context": null,
              "code": "expect(get(object, 'a.b.c', 'default')).to.equal('default')",
              "err": {},
              "uuid": "c646b47d-50a2-440a-967a-bf6cc0986cd4",
              "parentUUID": "82e137e6-1055-4ae8-9ff7-057c1f0f13c1",
              "isHook": false,
              "skipped": false
            }
          ],
          "suites": [],
          "passes": [
            "fa598d11-ee7c-46a6-85a5-4218e133b6a9",
            "fe9229b3-5406-4d0b-aeb2-3c1f4c17e7fa",
            "c646b47d-50a2-440a-967a-bf6cc0986cd4"
          ],
          "failures": [],
          "pending": [],
          "skipped": [],
          "duration": 1,
          "root": false,
          "rootEmpty": false,
          "_timeout": 2000
        },
        {
          "uuid": "1f7285ef-fb5d-4359-be54-1b67e24f19d5",
          "title": "isEmpty",
          "fullFile": "/Users/aknappe/tuni_software_testing/COMP.SE.200-2022-2023-1/test/isEmpty.test.js",
          "file": "/test/isEmpty.test.js",
          "beforeHooks": [],
          "afterHooks": [],
          "tests": [
            {
              "title": "null isEmpty -> true",
              "fullTitle": "isEmpty null isEmpty -> true",
              "timedOut": false,
              "duration": 1,
              "state": "passed",
              "speed": "fast",
              "pass": true,
              "fail": false,
              "pending": false,
              "context": null,
              "code": "expect(isEmpty(null)).to.equal(true)",
              "err": {},
              "uuid": "276a573f-47c6-42ea-a3cb-7ce6e817f07c",
              "parentUUID": "1f7285ef-fb5d-4359-be54-1b67e24f19d5",
              "isHook": false,
              "skipped": false
            },
            {
              "title": "1 isEmpty -> true",
              "fullTitle": "isEmpty 1 isEmpty -> true",
              "timedOut": false,
              "duration": 0,
              "state": "passed",
              "speed": "fast",
              "pass": true,
              "fail": false,
              "pending": false,
              "context": null,
              "code": "expect(isEmpty(1)).to.equal(true)",
              "err": {},
              "uuid": "cc8fb037-a1ae-41d5-a4e2-1d195c2a85be",
              "parentUUID": "1f7285ef-fb5d-4359-be54-1b67e24f19d5",
              "isHook": false,
              "skipped": false
            },
            {
              "title": "[1, 2, 3] isEmpty -> false",
              "fullTitle": "isEmpty [1, 2, 3] isEmpty -> false",
              "timedOut": false,
              "duration": 0,
              "state": "passed",
              "speed": "fast",
              "pass": true,
              "fail": false,
              "pending": false,
              "context": null,
              "code": "expect(isEmpty([1, 2, 3])).to.equal(false)",
              "err": {},
              "uuid": "25244309-e826-4155-828c-c88719807c90",
              "parentUUID": "1f7285ef-fb5d-4359-be54-1b67e24f19d5",
              "isHook": false,
              "skipped": false
            },
            {
              "title": "abc isEmpty -> false",
              "fullTitle": "isEmpty abc isEmpty -> false",
              "timedOut": false,
              "duration": 0,
              "state": "passed",
              "speed": "fast",
              "pass": true,
              "fail": false,
              "pending": false,
              "context": null,
              "code": "expect(isEmpty('abc')).to.equal(false)",
              "err": {},
              "uuid": "de8e3899-20ed-47ff-ba77-2a8a58911236",
              "parentUUID": "1f7285ef-fb5d-4359-be54-1b67e24f19d5",
              "isHook": false,
              "skipped": false
            },
            {
              "title": "{ a : 1 } isEmpty -> false",
              "fullTitle": "isEmpty { a : 1 } isEmpty -> false",
              "timedOut": false,
              "duration": 0,
              "state": "passed",
              "speed": "fast",
              "pass": true,
              "fail": false,
              "pending": false,
              "context": null,
              "code": "expect(isEmpty({ 'a': 1 })).to.equal(false)",
              "err": {},
              "uuid": "b1f799f2-abbc-4fd6-806f-7505f04cd0d4",
              "parentUUID": "1f7285ef-fb5d-4359-be54-1b67e24f19d5",
              "isHook": false,
              "skipped": false
            }
          ],
          "suites": [],
          "passes": [
            "276a573f-47c6-42ea-a3cb-7ce6e817f07c",
            "cc8fb037-a1ae-41d5-a4e2-1d195c2a85be",
            "25244309-e826-4155-828c-c88719807c90",
            "de8e3899-20ed-47ff-ba77-2a8a58911236",
            "b1f799f2-abbc-4fd6-806f-7505f04cd0d4"
          ],
          "failures": [],
          "pending": [],
          "skipped": [],
          "duration": 1,
          "root": false,
          "rootEmpty": false,
          "_timeout": 2000
        },
        {
          "uuid": "2184be79-1549-40f7-8ed0-60515268cf70",
          "title": "toInteger",
          "fullFile": "/Users/aknappe/tuni_software_testing/COMP.SE.200-2022-2023-1/test/toInteger.test.js",
          "file": "/test/toInteger.test.js",
          "beforeHooks": [],
          "afterHooks": [],
          "tests": [
            {
              "title": "3.2 toInteger -> 3",
              "fullTitle": "toInteger 3.2 toInteger -> 3",
              "timedOut": false,
              "duration": 0,
              "state": "passed",
              "speed": "fast",
              "pass": true,
              "fail": false,
              "pending": false,
              "context": null,
              "code": "expect(toInteger(3.2)).to.equal(3)",
              "err": {},
              "uuid": "0e5f97f8-fbe1-4273-b876-3033b410a8b9",
              "parentUUID": "2184be79-1549-40f7-8ed0-60515268cf70",
              "isHook": false,
              "skipped": false
            },
            {
              "title": "Number.MIN_VALUE toInteger -> 0",
              "fullTitle": "toInteger Number.MIN_VALUE toInteger -> 0",
              "timedOut": false,
              "duration": 0,
              "state": "passed",
              "speed": "fast",
              "pass": true,
              "fail": false,
              "pending": false,
              "context": null,
              "code": "expect(toInteger(Number.MIN_VALUE)).to.equal(0)",
              "err": {},
              "uuid": "fcaabac6-b199-4936-b236-86dce0c6ea12",
              "parentUUID": "2184be79-1549-40f7-8ed0-60515268cf70",
              "isHook": false,
              "skipped": false
            },
            {
              "title": "Infinity toInteger -> 1.7976931348623157e+308",
              "fullTitle": "toInteger Infinity toInteger -> 1.7976931348623157e+308",
              "timedOut": false,
              "duration": 0,
              "state": "passed",
              "speed": "fast",
              "pass": true,
              "fail": false,
              "pending": false,
              "context": null,
              "code": "expect(toInteger(Infinity)).to.equal(1.7976931348623157e+308)",
              "err": {},
              "uuid": "52f094e7-f949-45ab-bb39-f685b222f0b5",
              "parentUUID": "2184be79-1549-40f7-8ed0-60515268cf70",
              "isHook": false,
              "skipped": false
            },
            {
              "title": "\"3.2\" toInteger -> 3",
              "fullTitle": "toInteger \"3.2\" toInteger -> 3",
              "timedOut": false,
              "duration": 0,
              "state": "passed",
              "speed": "fast",
              "pass": true,
              "fail": false,
              "pending": false,
              "context": null,
              "code": "expect(toInteger('3.2')).to.equal(3)",
              "err": {},
              "uuid": "cb221ad5-f3d4-4093-b054-f94637d7f4f4",
              "parentUUID": "2184be79-1549-40f7-8ed0-60515268cf70",
              "isHook": false,
              "skipped": false
            }
          ],
          "suites": [],
          "passes": [
            "0e5f97f8-fbe1-4273-b876-3033b410a8b9",
            "fcaabac6-b199-4936-b236-86dce0c6ea12",
            "52f094e7-f949-45ab-bb39-f685b222f0b5",
            "cb221ad5-f3d4-4093-b054-f94637d7f4f4"
          ],
          "failures": [],
          "pending": [],
          "skipped": [],
          "duration": 0,
          "root": false,
          "rootEmpty": false,
          "_timeout": 2000
        },
        {
          "uuid": "9b3c8f1a-9b16-4afe-8c4c-33ecb2854136",
          "title": "toNumber",
          "fullFile": "/Users/aknappe/tuni_software_testing/COMP.SE.200-2022-2023-1/test/toNumber.test.js",
          "file": "/test/toNumber.test.js",
          "beforeHooks": [],
          "afterHooks": [],
          "tests": [
            {
              "title": "3.2 toNumber -> 3.2",
              "fullTitle": "toNumber 3.2 toNumber -> 3.2",
              "timedOut": false,
              "duration": 1,
              "state": "passed",
              "speed": "fast",
              "pass": true,
              "fail": false,
              "pending": false,
              "context": null,
              "code": "expect(toNumber(3.2)).to.equal(3.2)",
              "err": {},
              "uuid": "6d41c963-4a37-48ab-a834-29565be9efed",
              "parentUUID": "9b3c8f1a-9b16-4afe-8c4c-33ecb2854136",
              "isHook": false,
              "skipped": false
            },
            {
              "title": "Number.MIN_VALUE toNumber -> 5e-324",
              "fullTitle": "toNumber Number.MIN_VALUE toNumber -> 5e-324",
              "timedOut": false,
              "duration": 0,
              "state": "passed",
              "speed": "fast",
              "pass": true,
              "fail": false,
              "pending": false,
              "context": null,
              "code": "expect(toNumber(Number.MIN_VALUE)).to.equal(5e-324)",
              "err": {},
              "uuid": "0fe58802-048f-4016-8711-7042d9983f91",
              "parentUUID": "9b3c8f1a-9b16-4afe-8c4c-33ecb2854136",
              "isHook": false,
              "skipped": false
            },
            {
              "title": "Infinity toNumber -> Infinity",
              "fullTitle": "toNumber Infinity toNumber -> Infinity",
              "timedOut": false,
              "duration": 0,
              "state": "passed",
              "speed": "fast",
              "pass": true,
              "fail": false,
              "pending": false,
              "context": null,
              "code": "expect(toNumber(Infinity)).to.equal(Infinity)",
              "err": {},
              "uuid": "a5c48fea-dbd3-459c-beb0-35ccde907592",
              "parentUUID": "9b3c8f1a-9b16-4afe-8c4c-33ecb2854136",
              "isHook": false,
              "skipped": false
            },
            {
              "title": "\"3.2\" toNumber -> 3.2",
              "fullTitle": "toNumber \"3.2\" toNumber -> 3.2",
              "timedOut": false,
              "duration": 0,
              "state": "passed",
              "speed": "fast",
              "pass": true,
              "fail": false,
              "pending": false,
              "context": null,
              "code": "expect(toNumber('3.2')).to.equal(3.2)",
              "err": {},
              "uuid": "6bc3a2ad-0c8c-4daa-9b07-a084406e2678",
              "parentUUID": "9b3c8f1a-9b16-4afe-8c4c-33ecb2854136",
              "isHook": false,
              "skipped": false
            }
          ],
          "suites": [],
          "passes": [
            "6d41c963-4a37-48ab-a834-29565be9efed",
            "0fe58802-048f-4016-8711-7042d9983f91",
            "a5c48fea-dbd3-459c-beb0-35ccde907592",
            "6bc3a2ad-0c8c-4daa-9b07-a084406e2678"
          ],
          "failures": [],
          "pending": [],
          "skipped": [],
          "duration": 1,
          "root": false,
          "rootEmpty": false,
          "_timeout": 2000
        },
        {
          "uuid": "b9d94b13-808b-4e1d-800a-375c0eedb86e",
          "title": "toString",
          "fullFile": "/Users/aknappe/tuni_software_testing/COMP.SE.200-2022-2023-1/test/toString.test.js",
          "file": "/test/toString.test.js",
          "beforeHooks": [],
          "afterHooks": [],
          "tests": [
            {
              "title": "null toString -> ",
              "fullTitle": "toString null toString -> ",
              "timedOut": false,
              "duration": 1,
              "state": "failed",
              "speed": null,
              "pass": false,
              "fail": true,
              "pending": false,
              "context": null,
              "code": "expect(toString(null)).to.equal('')",
              "err": {
                "message": "AssertionError: expected 'null' to equal ''",
                "estack": "AssertionError: expected 'null' to equal ''\n    at Context.<anonymous> (file:///Users/aknappe/tuni_software_testing/COMP.SE.200-2022-2023-1/test/toString.test.js:8:30)\n    at process.processImmediate (node:internal/timers:471:21)",
                "diff": "- null\n"
              },
              "uuid": "b967911d-779a-43cd-a285-6ab9ff6a187e",
              "parentUUID": "b9d94b13-808b-4e1d-800a-375c0eedb86e",
              "isHook": false,
              "skipped": false
            },
            {
              "title": "-0 toString-> -0",
              "fullTitle": "toString -0 toString-> -0",
              "timedOut": false,
              "duration": 0,
              "state": "passed",
              "speed": "fast",
              "pass": true,
              "fail": false,
              "pending": false,
              "context": null,
              "code": "expect(toString(-0)).to.equal('-0')",
              "err": {},
              "uuid": "fec539cd-157c-40a6-906d-fb6cab99a492",
              "parentUUID": "b9d94b13-808b-4e1d-800a-375c0eedb86e",
              "isHook": false,
              "skipped": false
            },
            {
              "title": "[1, 2, 3] toString -> [1, 2, 3]",
              "fullTitle": "toString [1, 2, 3] toString -> [1, 2, 3]",
              "timedOut": false,
              "duration": 0,
              "state": "passed",
              "speed": "fast",
              "pass": true,
              "fail": false,
              "pending": false,
              "context": null,
              "code": "expect(toString([1, 2, 3])).to.equal('1,2,3')",
              "err": {},
              "uuid": "75c4deac-634a-4651-8627-c7f29c78f404",
              "parentUUID": "b9d94b13-808b-4e1d-800a-375c0eedb86e",
              "isHook": false,
              "skipped": false
            }
          ],
          "suites": [],
          "passes": [
            "fec539cd-157c-40a6-906d-fb6cab99a492",
            "75c4deac-634a-4651-8627-c7f29c78f404"
          ],
          "failures": [
            "b967911d-779a-43cd-a285-6ab9ff6a187e"
          ],
          "pending": [],
          "skipped": [],
          "duration": 1,
          "root": false,
          "rootEmpty": false,
          "_timeout": 2000
        }
      ],
      "passes": [],
      "failures": [],
      "pending": [],
      "skipped": [],
      "duration": 0,
      "root": true,
      "rootEmpty": true,
      "_timeout": 2000
    }
  ],
  "meta": {
    "mocha": {
      "version": "10.2.0"
    },
    "mochawesome": {
      "options": {
        "quiet": false,
        "reportFilename": "mochawesome",
        "saveHtml": true,
        "saveJson": true,
        "consoleReporter": "spec",
        "useInlineDiffs": false,
        "code": true
      },
      "version": "7.1.3"
    },
    "marge": {
      "options": null,
      "version": "6.2.0"
    }
  }
}