{
  "stats": {
    "suites": 10,
    "tests": 37,
    "passes": 32,
    "pending": 0,
    "failures": 5,
    "start": "2022-12-18T18:57:19.344Z",
    "end": "2022-12-18T18:57:19.419Z",
    "duration": 75,
    "testsRegistered": 37,
    "passPercent": 86.48648648648648,
    "pendingPercent": 0,
    "other": 0,
    "hasOther": false,
    "skipped": 0,
    "hasSkipped": false
  },
  "results": [
    {
      "uuid": "5a19b971-9bc4-4d29-bbce-235d823bace7",
      "title": "",
      "fullFile": "",
      "file": "",
      "beforeHooks": [],
      "afterHooks": [],
      "tests": [],
      "suites": [
        {
          "uuid": "f2bc7e30-5a12-4904-ac77-377847192fd4",
          "title": "Addition",
          "fullFile": "/Users/aknappe/tuni_software_testing/COMP.SE.200-2022-2023-1/test/add.test.js",
          "file": "/test/add.test.js",
          "beforeHooks": [],
          "afterHooks": [],
          "tests": [
            {
              "title": "6 + 4 should equal 10",
              "fullTitle": "Addition 6 + 4 should equal 10",
              "timedOut": false,
              "duration": 0,
              "state": "passed",
              "speed": "fast",
              "pass": true,
              "fail": false,
              "pending": false,
              "context": null,
              "code": "expect(add(6, 4)).to.equal(10)",
              "err": {},
              "uuid": "3b645174-1e51-427b-9a69-275f00a8fede",
              "parentUUID": "f2bc7e30-5a12-4904-ac77-377847192fd4",
              "isHook": false,
              "skipped": false
            },
            {
              "title": "6 + -4 should equal 2",
              "fullTitle": "Addition 6 + -4 should equal 2",
              "timedOut": false,
              "duration": 0,
              "state": "passed",
              "speed": "fast",
              "pass": true,
              "fail": false,
              "pending": false,
              "context": null,
              "code": "expect(add(6, -4)).to.equal(2)",
              "err": {},
              "uuid": "b610a5bf-190c-4e75-9de5-2743fbbe512f",
              "parentUUID": "f2bc7e30-5a12-4904-ac77-377847192fd4",
              "isHook": false,
              "skipped": false
            },
            {
              "title": "5.5 + 6.6 should equal 12.1",
              "fullTitle": "Addition 5.5 + 6.6 should equal 12.1",
              "timedOut": false,
              "duration": 0,
              "state": "passed",
              "speed": "fast",
              "pass": true,
              "fail": false,
              "pending": false,
              "context": null,
              "code": "expect(add(5.5, 6.6)).to.equal(12.1)",
              "err": {},
              "uuid": "a561bbf6-b6ef-477b-a601-d6101f3b1e50",
              "parentUUID": "f2bc7e30-5a12-4904-ac77-377847192fd4",
              "isHook": false,
              "skipped": false
            },
            {
              "title": "0.00001 + 100200 should equal 100200.00001",
              "fullTitle": "Addition 0.00001 + 100200 should equal 100200.00001",
              "timedOut": false,
              "duration": 0,
              "state": "passed",
              "speed": "fast",
              "pass": true,
              "fail": false,
              "pending": false,
              "context": null,
              "code": "expect(add(0.00001, 100200)).to.equal(100200.00001)",
              "err": {},
              "uuid": "117a222b-d9df-48e6-88b9-290455f2443f",
              "parentUUID": "f2bc7e30-5a12-4904-ac77-377847192fd4",
              "isHook": false,
              "skipped": false
            },
            {
              "title": "0 + 0 should equal 0",
              "fullTitle": "Addition 0 + 0 should equal 0",
              "timedOut": false,
              "duration": 1,
              "state": "passed",
              "speed": "fast",
              "pass": true,
              "fail": false,
              "pending": false,
              "context": null,
              "code": "expect(add(0, 0)).to.equal(0)",
              "err": {},
              "uuid": "42bea136-75bb-4362-965f-885ebb0b2891",
              "parentUUID": "f2bc7e30-5a12-4904-ac77-377847192fd4",
              "isHook": false,
              "skipped": false
            },
            {
              "title": "999 + 0 should equal 999",
              "fullTitle": "Addition 999 + 0 should equal 999",
              "timedOut": false,
              "duration": 0,
              "state": "passed",
              "speed": "fast",
              "pass": true,
              "fail": false,
              "pending": false,
              "context": null,
              "code": "expect(add(999, 0)).to.equal(999)",
              "err": {},
              "uuid": "72fbf3f6-8fbc-4ec8-9cde-85b9f7f23526",
              "parentUUID": "f2bc7e30-5a12-4904-ac77-377847192fd4",
              "isHook": false,
              "skipped": false
            }
          ],
          "suites": [],
          "passes": [
            "3b645174-1e51-427b-9a69-275f00a8fede",
            "b610a5bf-190c-4e75-9de5-2743fbbe512f",
            "a561bbf6-b6ef-477b-a601-d6101f3b1e50",
            "117a222b-d9df-48e6-88b9-290455f2443f",
            "42bea136-75bb-4362-965f-885ebb0b2891",
            "72fbf3f6-8fbc-4ec8-9cde-85b9f7f23526"
          ],
          "failures": [],
          "pending": [],
          "skipped": [],
          "duration": 1,
          "root": false,
          "rootEmpty": false,
          "_timeout": 2000
        },
        {
          "uuid": "fce7b99b-09ae-4be4-a66c-f603089981a5",
          "title": "Chunk",
          "fullFile": "/Users/aknappe/tuni_software_testing/COMP.SE.200-2022-2023-1/test/chunk.test.js",
          "file": "/test/chunk.test.js",
          "beforeHooks": [],
          "afterHooks": [],
          "tests": [
            {
              "title": "['a', 'b', 'c', 'd'] should become ['a', 'b'], ['c', 'd']",
              "fullTitle": "Chunk ['a', 'b', 'c', 'd'] should become ['a', 'b'], ['c', 'd']",
              "timedOut": false,
              "duration": 1,
              "state": "failed",
              "speed": null,
              "pass": false,
              "fail": true,
              "pending": false,
              "context": null,
              "code": "expect(chunk(['a', 'b', 'c', 'd'], 2)).to.deep.equal([['a', 'b'], ['c', 'd']])",
              "err": {
                "message": "AssertionError: expected [ [ 'c', 'd' ], undefined ] to deeply equal [ [ 'a', 'b' ], [ 'c', 'd' ] ]",
                "estack": "AssertionError: expected [ [ 'c', 'd' ], undefined ] to deeply equal [ [ 'a', 'b' ], [ 'c', 'd' ] ]\n    at Context.<anonymous> (file:///Users/aknappe/tuni_software_testing/COMP.SE.200-2022-2023-1/test/chunk.test.js:8:51)\n    at process.processImmediate (node:internal/timers:471:21)",
                "diff": " [\n   [\n+     \"a\"\n+     \"b\"\n+   ]\n+   [\n     \"c\"\n     \"d\"\n   ]\n ]\n"
              },
              "uuid": "1efa05b6-ecf2-404d-bfcd-3c75be04ebc5",
              "parentUUID": "fce7b99b-09ae-4be4-a66c-f603089981a5",
              "isHook": false,
              "skipped": false
            },
            {
              "title": "['a', 'b', 'c', 'd'] should become ['a', 'b', 'c'], ['d']",
              "fullTitle": "Chunk ['a', 'b', 'c', 'd'] should become ['a', 'b', 'c'], ['d']",
              "timedOut": false,
              "duration": 1,
              "state": "failed",
              "speed": null,
              "pass": false,
              "fail": true,
              "pending": false,
              "context": null,
              "code": "expect(chunk(['a', 'b', 'c', 'd'], 3)).to.deep.equal([['a', 'b', 'c'], ['d']])",
              "err": {
                "message": "AssertionError: expected [ [ 'd', undefined, undefined ], …(1) ] to deeply equal [ [ 'a', 'b', 'c' ], [ 'd' ] ]",
                "estack": "AssertionError: expected [ [ 'd', undefined, undefined ], …(1) ] to deeply equal [ [ 'a', 'b', 'c' ], [ 'd' ] ]\n    at Context.<anonymous> (file:///Users/aknappe/tuni_software_testing/COMP.SE.200-2022-2023-1/test/chunk.test.js:11:51)\n    at process.processImmediate (node:internal/timers:471:21)",
                "diff": " [\n   [\n+     \"a\"\n+     \"b\"\n+     \"c\"\n+   ]\n+   [\n     \"d\"\n-     [undefined]\n-     [undefined]\n   ]\n ]\n"
              },
              "uuid": "a1fe2d66-531f-4c85-88f0-1f2127b158e7",
              "parentUUID": "fce7b99b-09ae-4be4-a66c-f603089981a5",
              "isHook": false,
              "skipped": false
            }
          ],
          "suites": [],
          "passes": [],
          "failures": [
            "1efa05b6-ecf2-404d-bfcd-3c75be04ebc5",
            "a1fe2d66-531f-4c85-88f0-1f2127b158e7"
          ],
          "pending": [],
          "skipped": [],
          "duration": 2,
          "root": false,
          "rootEmpty": false,
          "_timeout": 2000
        },
        {
          "uuid": "982b0b86-9111-4068-b0cd-4a7b18861e5a",
          "title": "defaultTo",
          "fullFile": "/Users/aknappe/tuni_software_testing/COMP.SE.200-2022-2023-1/test/defaultTo.test.js",
          "file": "/test/defaultTo.test.js",
          "beforeHooks": [],
          "afterHooks": [],
          "tests": [
            {
              "title": "defaultTo(1, 10) => 1",
              "fullTitle": "defaultTo defaultTo(1, 10) => 1",
              "timedOut": false,
              "duration": 0,
              "state": "passed",
              "speed": "fast",
              "pass": true,
              "fail": false,
              "pending": false,
              "context": null,
              "code": "expect(defaultTo(1, 10)).to.equal(1)",
              "err": {},
              "uuid": "7e64cf65-b852-4a94-8c25-6c31e58ac6c4",
              "parentUUID": "982b0b86-9111-4068-b0cd-4a7b18861e5a",
              "isHook": false,
              "skipped": false
            },
            {
              "title": "defaultTo(undefined, 10) => 10",
              "fullTitle": "defaultTo defaultTo(undefined, 10) => 10",
              "timedOut": false,
              "duration": 1,
              "state": "passed",
              "speed": "fast",
              "pass": true,
              "fail": false,
              "pending": false,
              "context": null,
              "code": "expect(defaultTo(undefined, 10)).to.equal(10)",
              "err": {},
              "uuid": "65e73d4d-8b07-41d2-9a86-eb2f986c1219",
              "parentUUID": "982b0b86-9111-4068-b0cd-4a7b18861e5a",
              "isHook": false,
              "skipped": false
            },
            {
              "title": "defaultTo(null, -10) => -10",
              "fullTitle": "defaultTo defaultTo(null, -10) => -10",
              "timedOut": false,
              "duration": 0,
              "state": "passed",
              "speed": "fast",
              "pass": true,
              "fail": false,
              "pending": false,
              "context": null,
              "code": "expect(defaultTo(null, -10)).to.equal(-10)",
              "err": {},
              "uuid": "2a98e740-ac56-4738-a4a1-1a4b901a306d",
              "parentUUID": "982b0b86-9111-4068-b0cd-4a7b18861e5a",
              "isHook": false,
              "skipped": false
            },
            {
              "title": "defaultTo(NaN, -999.9) => -999.9",
              "fullTitle": "defaultTo defaultTo(NaN, -999.9) => -999.9",
              "timedOut": false,
              "duration": 1,
              "state": "failed",
              "speed": null,
              "pass": false,
              "fail": true,
              "pending": false,
              "context": null,
              "code": "expect(defaultTo(NaN, -999.9)).to.equal(-999.9)",
              "err": {
                "message": "AssertionError: expected NaN to equal -999.9",
                "estack": "AssertionError: expected NaN to equal -999.9\n    at Context.<anonymous> (file:///Users/aknappe/tuni_software_testing/COMP.SE.200-2022-2023-1/test/defaultTo.test.js:17:38)\n    at process.processImmediate (node:internal/timers:471:21)",
                "diff": "- NaN\n+ -999.9\n"
              },
              "uuid": "624f3b2d-e2e1-4fc4-85e7-014d0675c69c",
              "parentUUID": "982b0b86-9111-4068-b0cd-4a7b18861e5a",
              "isHook": false,
              "skipped": false
            },
            {
              "title": "defaultTo(0, 200) => 0",
              "fullTitle": "defaultTo defaultTo(0, 200) => 0",
              "timedOut": false,
              "duration": 0,
              "state": "passed",
              "speed": "fast",
              "pass": true,
              "fail": false,
              "pending": false,
              "context": null,
              "code": "expect(defaultTo(0, 200)).to.equal(0)",
              "err": {},
              "uuid": "a47024d4-5712-4a6b-871c-62c4afc429ba",
              "parentUUID": "982b0b86-9111-4068-b0cd-4a7b18861e5a",
              "isHook": false,
              "skipped": false
            }
          ],
          "suites": [],
          "passes": [
            "7e64cf65-b852-4a94-8c25-6c31e58ac6c4",
            "65e73d4d-8b07-41d2-9a86-eb2f986c1219",
            "2a98e740-ac56-4738-a4a1-1a4b901a306d",
            "a47024d4-5712-4a6b-871c-62c4afc429ba"
          ],
          "failures": [
            "624f3b2d-e2e1-4fc4-85e7-014d0675c69c"
          ],
          "pending": [],
          "skipped": [],
          "duration": 2,
          "root": false,
          "rootEmpty": false,
          "_timeout": 2000
        },
        {
          "uuid": "adbe616d-9c48-41b6-baa8-2d5790e04579",
          "title": "Division",
          "fullFile": "/Users/aknappe/tuni_software_testing/COMP.SE.200-2022-2023-1/test/divide.test.js",
          "file": "/test/divide.test.js",
          "beforeHooks": [],
          "afterHooks": [],
          "tests": [
            {
              "title": "6 divided by 4 equals 1.5",
              "fullTitle": "Division 6 divided by 4 equals 1.5",
              "timedOut": false,
              "duration": 0,
              "state": "failed",
              "speed": null,
              "pass": false,
              "fail": true,
              "pending": false,
              "context": null,
              "code": "expect(divide(6, 4)).to.equal(1.5)",
              "err": {
                "message": "AssertionError: expected 1 to equal 1.5",
                "estack": "AssertionError: expected 1 to equal 1.5\n    at Context.<anonymous> (file:///Users/aknappe/tuni_software_testing/COMP.SE.200-2022-2023-1/test/divide.test.js:8:37)\n    at process.processImmediate (node:internal/timers:471:21)",
                "diff": "- 1\n+ 1.5\n"
              },
              "uuid": "9752bec2-8bfa-491b-b5f9-04312e481c11",
              "parentUUID": "adbe616d-9c48-41b6-baa8-2d5790e04579",
              "isHook": false,
              "skipped": false
            }
          ],
          "suites": [],
          "passes": [],
          "failures": [
            "9752bec2-8bfa-491b-b5f9-04312e481c11"
          ],
          "pending": [],
          "skipped": [],
          "duration": 0,
          "root": false,
          "rootEmpty": false,
          "_timeout": 2000
        },
        {
          "uuid": "f5229ab1-b232-41db-9f7e-b8309f2a3cb2",
          "title": "Filter",
          "fullFile": "/Users/aknappe/tuni_software_testing/COMP.SE.200-2022-2023-1/test/filter.test.js",
          "file": "/test/filter.test.js",
          "beforeHooks": [],
          "afterHooks": [],
          "tests": [
            {
              "title": "Filters active users",
              "fullTitle": "Filter Filters active users",
              "timedOut": false,
              "duration": 1,
              "state": "passed",
              "speed": "fast",
              "pass": true,
              "fail": false,
              "pending": false,
              "context": null,
              "code": "expect(filter(users, ({ active }) => active)).to.deep.equal([{ 'user': 'barney', 'active': true }])",
              "err": {},
              "uuid": "3ed7f9b3-e120-4379-b9c4-4730aeee8521",
              "parentUUID": "f5229ab1-b232-41db-9f7e-b8309f2a3cb2",
              "isHook": false,
              "skipped": false
            },
            {
              "title": "Filters inactive users",
              "fullTitle": "Filter Filters inactive users",
              "timedOut": false,
              "duration": 0,
              "state": "passed",
              "speed": "fast",
              "pass": true,
              "fail": false,
              "pending": false,
              "context": null,
              "code": "expect(filter(users, ({ active }) => !active)).to.deep.equal([\n\t{ 'user': 'fred',   'active': false },\n\t{ 'user': 'betty',   'active': false },\n\t{ 'user': 'wilma',   'active': false }])",
              "err": {},
              "uuid": "5d428460-7b08-40eb-bbfd-bdf7111526f8",
              "parentUUID": "f5229ab1-b232-41db-9f7e-b8309f2a3cb2",
              "isHook": false,
              "skipped": false
            },
            {
              "title": "Returns an empty array when given an empty array",
              "fullTitle": "Filter Returns an empty array when given an empty array",
              "timedOut": false,
              "duration": 0,
              "state": "passed",
              "speed": "fast",
              "pass": true,
              "fail": false,
              "pending": false,
              "context": null,
              "code": "expect(filter(noUsers, ({ active }) => active)).to.deep.equal([[]])",
              "err": {},
              "uuid": "db176849-c041-4a6b-b4d2-a340f7fb45aa",
              "parentUUID": "f5229ab1-b232-41db-9f7e-b8309f2a3cb2",
              "isHook": false,
              "skipped": false
            }
          ],
          "suites": [],
          "passes": [
            "3ed7f9b3-e120-4379-b9c4-4730aeee8521",
            "5d428460-7b08-40eb-bbfd-bdf7111526f8",
            "db176849-c041-4a6b-b4d2-a340f7fb45aa"
          ],
          "failures": [],
          "pending": [],
          "skipped": [],
          "duration": 1,
          "root": false,
          "rootEmpty": false,
          "_timeout": 2000
        },
        {
          "uuid": "5c53b6e2-5bc6-4240-b1f5-b73d1ae080d3",
          "title": "Get",
          "fullFile": "/Users/aknappe/tuni_software_testing/COMP.SE.200-2022-2023-1/test/get.test.js",
          "file": "/test/get.test.js",
          "beforeHooks": [],
          "afterHooks": [],
          "tests": [
            {
              "title": "Gets a[0].b.c -> 3",
              "fullTitle": "Get Gets a[0].b.c -> 3",
              "timedOut": false,
              "duration": 2,
              "state": "passed",
              "speed": "fast",
              "pass": true,
              "fail": false,
              "pending": false,
              "context": null,
              "code": "expect(get(object, 'a[0].b.c')).to.equal(3)",
              "err": {},
              "uuid": "54150daf-3258-48b9-9e92-0f19e238ded8",
              "parentUUID": "5c53b6e2-5bc6-4240-b1f5-b73d1ae080d3",
              "isHook": false,
              "skipped": false
            },
            {
              "title": "Gets [a, 0, b, c] -> 3",
              "fullTitle": "Get Gets [a, 0, b, c] -> 3",
              "timedOut": false,
              "duration": 0,
              "state": "passed",
              "speed": "fast",
              "pass": true,
              "fail": false,
              "pending": false,
              "context": null,
              "code": "expect(get(object, ['a', '0', 'b', 'c'])).to.equal(3)",
              "err": {},
              "uuid": "9afd60a3-8bd0-43e8-918c-7e2cb1d551be",
              "parentUUID": "5c53b6e2-5bc6-4240-b1f5-b73d1ae080d3",
              "isHook": false,
              "skipped": false
            },
            {
              "title": "Gets 'a.b.c', 'default' -> default",
              "fullTitle": "Get Gets 'a.b.c', 'default' -> default",
              "timedOut": false,
              "duration": 1,
              "state": "passed",
              "speed": "fast",
              "pass": true,
              "fail": false,
              "pending": false,
              "context": null,
              "code": "expect(get(object, 'a.b.c', 'default')).to.equal('default')",
              "err": {},
              "uuid": "d0bfe4c3-7e6e-498a-86e8-a43d144d0aaf",
              "parentUUID": "5c53b6e2-5bc6-4240-b1f5-b73d1ae080d3",
              "isHook": false,
              "skipped": false
            }
          ],
          "suites": [],
          "passes": [
            "54150daf-3258-48b9-9e92-0f19e238ded8",
            "9afd60a3-8bd0-43e8-918c-7e2cb1d551be",
            "d0bfe4c3-7e6e-498a-86e8-a43d144d0aaf"
          ],
          "failures": [],
          "pending": [],
          "skipped": [],
          "duration": 3,
          "root": false,
          "rootEmpty": false,
          "_timeout": 2000
        },
        {
          "uuid": "ef07917f-c19f-4bb6-b5a3-4319cd5b16a6",
          "title": "isEmpty",
          "fullFile": "/Users/aknappe/tuni_software_testing/COMP.SE.200-2022-2023-1/test/isEmpty.test.js",
          "file": "/test/isEmpty.test.js",
          "beforeHooks": [],
          "afterHooks": [],
          "tests": [
            {
              "title": "null isEmpty -> true",
              "fullTitle": "isEmpty null isEmpty -> true",
              "timedOut": false,
              "duration": 0,
              "state": "passed",
              "speed": "fast",
              "pass": true,
              "fail": false,
              "pending": false,
              "context": null,
              "code": "expect(isEmpty(null)).to.equal(true)",
              "err": {},
              "uuid": "c255f3aa-c516-4bf3-a3a5-2a8245f4aa5a",
              "parentUUID": "ef07917f-c19f-4bb6-b5a3-4319cd5b16a6",
              "isHook": false,
              "skipped": false
            },
            {
              "title": "1 isEmpty -> true",
              "fullTitle": "isEmpty 1 isEmpty -> true",
              "timedOut": false,
              "duration": 0,
              "state": "passed",
              "speed": "fast",
              "pass": true,
              "fail": false,
              "pending": false,
              "context": null,
              "code": "expect(isEmpty(1)).to.equal(true)",
              "err": {},
              "uuid": "ce6ef526-3611-45e6-9a0f-12e3b629e0a7",
              "parentUUID": "ef07917f-c19f-4bb6-b5a3-4319cd5b16a6",
              "isHook": false,
              "skipped": false
            },
            {
              "title": "[1, 2, 3] isEmpty -> false",
              "fullTitle": "isEmpty [1, 2, 3] isEmpty -> false",
              "timedOut": false,
              "duration": 0,
              "state": "passed",
              "speed": "fast",
              "pass": true,
              "fail": false,
              "pending": false,
              "context": null,
              "code": "expect(isEmpty([1, 2, 3])).to.equal(false)",
              "err": {},
              "uuid": "28364386-5cc9-4d42-99de-92ffa27fc098",
              "parentUUID": "ef07917f-c19f-4bb6-b5a3-4319cd5b16a6",
              "isHook": false,
              "skipped": false
            },
            {
              "title": "abc isEmpty -> false",
              "fullTitle": "isEmpty abc isEmpty -> false",
              "timedOut": false,
              "duration": 0,
              "state": "passed",
              "speed": "fast",
              "pass": true,
              "fail": false,
              "pending": false,
              "context": null,
              "code": "expect(isEmpty('abc')).to.equal(false)",
              "err": {},
              "uuid": "1775ae46-9ea9-4131-a603-ed55d04c33bd",
              "parentUUID": "ef07917f-c19f-4bb6-b5a3-4319cd5b16a6",
              "isHook": false,
              "skipped": false
            },
            {
              "title": "{ a : 1 } isEmpty -> false",
              "fullTitle": "isEmpty { a : 1 } isEmpty -> false",
              "timedOut": false,
              "duration": 0,
              "state": "passed",
              "speed": "fast",
              "pass": true,
              "fail": false,
              "pending": false,
              "context": null,
              "code": "expect(isEmpty({ 'a': 1 })).to.equal(false)",
              "err": {},
              "uuid": "7c0587a8-1099-465e-8d8f-00edae3c6dd4",
              "parentUUID": "ef07917f-c19f-4bb6-b5a3-4319cd5b16a6",
              "isHook": false,
              "skipped": false
            }
          ],
          "suites": [],
          "passes": [
            "c255f3aa-c516-4bf3-a3a5-2a8245f4aa5a",
            "ce6ef526-3611-45e6-9a0f-12e3b629e0a7",
            "28364386-5cc9-4d42-99de-92ffa27fc098",
            "1775ae46-9ea9-4131-a603-ed55d04c33bd",
            "7c0587a8-1099-465e-8d8f-00edae3c6dd4"
          ],
          "failures": [],
          "pending": [],
          "skipped": [],
          "duration": 0,
          "root": false,
          "rootEmpty": false,
          "_timeout": 2000
        },
        {
          "uuid": "1b29fe4a-4780-44f1-81e9-91b7058b45d9",
          "title": "toInteger",
          "fullFile": "/Users/aknappe/tuni_software_testing/COMP.SE.200-2022-2023-1/test/toInteger.test.js",
          "file": "/test/toInteger.test.js",
          "beforeHooks": [],
          "afterHooks": [],
          "tests": [
            {
              "title": "3.2 toInteger -> 3",
              "fullTitle": "toInteger 3.2 toInteger -> 3",
              "timedOut": false,
              "duration": 0,
              "state": "passed",
              "speed": "fast",
              "pass": true,
              "fail": false,
              "pending": false,
              "context": null,
              "code": "expect(toInteger(3.2)).to.equal(3)",
              "err": {},
              "uuid": "bf24eab6-822e-46a1-af4b-ed702094b5e3",
              "parentUUID": "1b29fe4a-4780-44f1-81e9-91b7058b45d9",
              "isHook": false,
              "skipped": false
            },
            {
              "title": "Number.MIN_VALUE toInteger -> 0",
              "fullTitle": "toInteger Number.MIN_VALUE toInteger -> 0",
              "timedOut": false,
              "duration": 0,
              "state": "passed",
              "speed": "fast",
              "pass": true,
              "fail": false,
              "pending": false,
              "context": null,
              "code": "expect(toInteger(Number.MIN_VALUE)).to.equal(0)",
              "err": {},
              "uuid": "f9afe29b-ca4b-4a1f-8b61-aacd5810fa14",
              "parentUUID": "1b29fe4a-4780-44f1-81e9-91b7058b45d9",
              "isHook": false,
              "skipped": false
            },
            {
              "title": "Infinity toInteger -> 1.7976931348623157e+308",
              "fullTitle": "toInteger Infinity toInteger -> 1.7976931348623157e+308",
              "timedOut": false,
              "duration": 0,
              "state": "passed",
              "speed": "fast",
              "pass": true,
              "fail": false,
              "pending": false,
              "context": null,
              "code": "expect(toInteger(Infinity)).to.equal(1.7976931348623157e+308)",
              "err": {},
              "uuid": "a963ad98-a436-4c51-82a7-8b5fce2d231f",
              "parentUUID": "1b29fe4a-4780-44f1-81e9-91b7058b45d9",
              "isHook": false,
              "skipped": false
            },
            {
              "title": "\"3.2\" toInteger -> 3",
              "fullTitle": "toInteger \"3.2\" toInteger -> 3",
              "timedOut": false,
              "duration": 0,
              "state": "passed",
              "speed": "fast",
              "pass": true,
              "fail": false,
              "pending": false,
              "context": null,
              "code": "expect(toInteger('3.2')).to.equal(3)",
              "err": {},
              "uuid": "f6f12083-57fb-4b76-9d01-1842736b08b0",
              "parentUUID": "1b29fe4a-4780-44f1-81e9-91b7058b45d9",
              "isHook": false,
              "skipped": false
            },
            {
              "title": "-3.2 toInteger -> -3",
              "fullTitle": "toInteger -3.2 toInteger -> -3",
              "timedOut": false,
              "duration": 0,
              "state": "passed",
              "speed": "fast",
              "pass": true,
              "fail": false,
              "pending": false,
              "context": null,
              "code": "expect(toInteger(-3.2)).to.equal(-3)",
              "err": {},
              "uuid": "6a69f626-a9ca-417e-8730-e24f2358f866",
              "parentUUID": "1b29fe4a-4780-44f1-81e9-91b7058b45d9",
              "isHook": false,
              "skipped": false
            }
          ],
          "suites": [],
          "passes": [
            "bf24eab6-822e-46a1-af4b-ed702094b5e3",
            "f9afe29b-ca4b-4a1f-8b61-aacd5810fa14",
            "a963ad98-a436-4c51-82a7-8b5fce2d231f",
            "f6f12083-57fb-4b76-9d01-1842736b08b0",
            "6a69f626-a9ca-417e-8730-e24f2358f866"
          ],
          "failures": [],
          "pending": [],
          "skipped": [],
          "duration": 0,
          "root": false,
          "rootEmpty": false,
          "_timeout": 2000
        },
        {
          "uuid": "5be23c77-662a-4302-bf8e-01eb0f919f66",
          "title": "toNumber",
          "fullFile": "/Users/aknappe/tuni_software_testing/COMP.SE.200-2022-2023-1/test/toNumber.test.js",
          "file": "/test/toNumber.test.js",
          "beforeHooks": [],
          "afterHooks": [],
          "tests": [
            {
              "title": "3.2 toNumber -> 3.2",
              "fullTitle": "toNumber 3.2 toNumber -> 3.2",
              "timedOut": false,
              "duration": 1,
              "state": "passed",
              "speed": "fast",
              "pass": true,
              "fail": false,
              "pending": false,
              "context": null,
              "code": "expect(toNumber(3.2)).to.equal(3.2)",
              "err": {},
              "uuid": "c3367976-31a6-402f-a503-b704dc900b50",
              "parentUUID": "5be23c77-662a-4302-bf8e-01eb0f919f66",
              "isHook": false,
              "skipped": false
            },
            {
              "title": "Number.MIN_VALUE toNumber -> 5e-324",
              "fullTitle": "toNumber Number.MIN_VALUE toNumber -> 5e-324",
              "timedOut": false,
              "duration": 1,
              "state": "passed",
              "speed": "fast",
              "pass": true,
              "fail": false,
              "pending": false,
              "context": null,
              "code": "expect(toNumber(Number.MIN_VALUE)).to.equal(5e-324)",
              "err": {},
              "uuid": "f06581b2-0e02-4839-9043-d0e6ebd9f1db",
              "parentUUID": "5be23c77-662a-4302-bf8e-01eb0f919f66",
              "isHook": false,
              "skipped": false
            },
            {
              "title": "Infinity toNumber -> Infinity",
              "fullTitle": "toNumber Infinity toNumber -> Infinity",
              "timedOut": false,
              "duration": 0,
              "state": "passed",
              "speed": "fast",
              "pass": true,
              "fail": false,
              "pending": false,
              "context": null,
              "code": "expect(toNumber(Infinity)).to.equal(Infinity)",
              "err": {},
              "uuid": "27b02dfe-bdd1-4715-a0bd-a92ee02a4c7d",
              "parentUUID": "5be23c77-662a-4302-bf8e-01eb0f919f66",
              "isHook": false,
              "skipped": false
            },
            {
              "title": "\"3.2\" toNumber -> 3.2",
              "fullTitle": "toNumber \"3.2\" toNumber -> 3.2",
              "timedOut": false,
              "duration": 1,
              "state": "passed",
              "speed": "fast",
              "pass": true,
              "fail": false,
              "pending": false,
              "context": null,
              "code": "expect(toNumber('3.2')).to.equal(3.2)",
              "err": {},
              "uuid": "5c32fd91-e89f-4c1b-8824-72ac45298d0b",
              "parentUUID": "5be23c77-662a-4302-bf8e-01eb0f919f66",
              "isHook": false,
              "skipped": false
            }
          ],
          "suites": [],
          "passes": [
            "c3367976-31a6-402f-a503-b704dc900b50",
            "f06581b2-0e02-4839-9043-d0e6ebd9f1db",
            "27b02dfe-bdd1-4715-a0bd-a92ee02a4c7d",
            "5c32fd91-e89f-4c1b-8824-72ac45298d0b"
          ],
          "failures": [],
          "pending": [],
          "skipped": [],
          "duration": 3,
          "root": false,
          "rootEmpty": false,
          "_timeout": 2000
        },
        {
          "uuid": "378f49d3-5262-4c8d-882c-5abe1995b9dc",
          "title": "toString",
          "fullFile": "/Users/aknappe/tuni_software_testing/COMP.SE.200-2022-2023-1/test/toString.test.js",
          "file": "/test/toString.test.js",
          "beforeHooks": [],
          "afterHooks": [],
          "tests": [
            {
              "title": "null toString -> ",
              "fullTitle": "toString null toString -> ",
              "timedOut": false,
              "duration": 1,
              "state": "failed",
              "speed": null,
              "pass": false,
              "fail": true,
              "pending": false,
              "context": null,
              "code": "expect(toString(null)).to.equal('')",
              "err": {
                "message": "AssertionError: expected 'null' to equal ''",
                "estack": "AssertionError: expected 'null' to equal ''\n    at Context.<anonymous> (file:///Users/aknappe/tuni_software_testing/COMP.SE.200-2022-2023-1/test/toString.test.js:8:30)\n    at process.processImmediate (node:internal/timers:471:21)",
                "diff": "- null\n"
              },
              "uuid": "45a79802-9ffd-4800-9d21-7ef7c7a92463",
              "parentUUID": "378f49d3-5262-4c8d-882c-5abe1995b9dc",
              "isHook": false,
              "skipped": false
            },
            {
              "title": "-0 toString-> -0",
              "fullTitle": "toString -0 toString-> -0",
              "timedOut": false,
              "duration": 0,
              "state": "passed",
              "speed": "fast",
              "pass": true,
              "fail": false,
              "pending": false,
              "context": null,
              "code": "expect(toString(-0)).to.equal('-0')",
              "err": {},
              "uuid": "6bd9ac28-cb37-4f03-8ad1-e9883423e9b3",
              "parentUUID": "378f49d3-5262-4c8d-882c-5abe1995b9dc",
              "isHook": false,
              "skipped": false
            },
            {
              "title": "[1, 2, 3] toString -> [1, 2, 3]",
              "fullTitle": "toString [1, 2, 3] toString -> [1, 2, 3]",
              "timedOut": false,
              "duration": 0,
              "state": "passed",
              "speed": "fast",
              "pass": true,
              "fail": false,
              "pending": false,
              "context": null,
              "code": "expect(toString([1, 2, 3])).to.equal('1,2,3')",
              "err": {},
              "uuid": "77d0eda7-a0f7-4eea-8e17-bbbb134afdbf",
              "parentUUID": "378f49d3-5262-4c8d-882c-5abe1995b9dc",
              "isHook": false,
              "skipped": false
            }
          ],
          "suites": [],
          "passes": [
            "6bd9ac28-cb37-4f03-8ad1-e9883423e9b3",
            "77d0eda7-a0f7-4eea-8e17-bbbb134afdbf"
          ],
          "failures": [
            "45a79802-9ffd-4800-9d21-7ef7c7a92463"
          ],
          "pending": [],
          "skipped": [],
          "duration": 1,
          "root": false,
          "rootEmpty": false,
          "_timeout": 2000
        }
      ],
      "passes": [],
      "failures": [],
      "pending": [],
      "skipped": [],
      "duration": 0,
      "root": true,
      "rootEmpty": true,
      "_timeout": 2000
    }
  ],
  "meta": {
    "mocha": {
      "version": "10.2.0"
    },
    "mochawesome": {
      "options": {
        "quiet": false,
        "reportFilename": "mochawesome",
        "saveHtml": true,
        "saveJson": true,
        "consoleReporter": "spec",
        "useInlineDiffs": false,
        "code": true
      },
      "version": "7.1.3"
    },
    "marge": {
      "options": null,
      "version": "6.2.0"
    }
  }
}